<?xml version="1.0" encoding="UTF-8"?>
<!-- Generated by org.testng.reporters.JUnitReportReporter -->
<testsuite hostname="LAPTOP-NRT43TDF" failures="0" tests="1" name="JavaStream1" time="0.012" errors="0" timestamp="2022-12-04T09:30:34 EST" skipped="0">
  <testcase classname="JavaStream1" name="streamCollect" time="0.012"/>
  <system-out/>
</testsuite> <!-- JavaStream1 -->
